# JRE version: OpenJDK Runtime Environment (8.0_242-b08) (build 1.8.0_242-b08)
# Java VM: OpenJDK 64-Bit Server VM (25.242-b08 mixed mode windows-amd64 compressed oops)
Heap:
 PSYoungGen      total 616960K, used 493854K [0x0000000740000000, 0x0000000774f00000, 0x00000007c0000000)
  eden space 577536K, 85% used [0x0000000740000000,0x000000075e247990,0x0000000763400000)
  from space 39424K, 0% used [0x0000000763400000,0x0000000763400000,0x0000000765a80000)
  to   space 41984K, 0% used [0x0000000772600000,0x0000000772600000,0x0000000774f00000)
 ParOldGen       total 260608K, used 89257K [0x0000000640000000, 0x000000064fe80000, 0x0000000740000000)
  object space 260608K, 34% used [0x0000000640000000,0x000000064572a530,0x000000064fe80000)
 Metaspace       used 37039K, capacity 37495K, committed 38016K, reserved 1083392K
  class space    used 4752K, capacity 4916K, committed 4992K, reserved 1048576K
GC Heap History (10 events):
Event: 3.677 GC heap before
{Heap before GC invocations=9 (full 1):
 PSYoungGen      total 305664K, used 262144K [0x0000000740000000, 0x0000000765300000, 0x00000007c0000000)
  eden space 262144K, 100% used [0x0000000740000000,0x0000000750000000,0x0000000750000000)
  from space 43520K, 0% used [0x0000000750000000,0x0000000750000000,0x0000000752a80000)
  to   space 42496K, 0% used [0x0000000762980000,0x0000000762980000,0x0000000765300000)
 ParOldGen       total 176128K, used 55892K [0x0000000640000000, 0x000000064ac00000, 0x0000000740000000)
  object space 176128K, 31% used [0x0000000640000000,0x00000006436952a8,0x000000064ac00000)
 Metaspace       used 23796K, capacity 24100K, committed 24448K, reserved 1071104K
  class space    used 2750K, capacity 2858K, committed 2944K, reserved 1048576K
Event: 3.686 GC heap after
Heap after GC invocations=9 (full 1):
 PSYoungGen      total 446976K, used 20591K [0x0000000740000000, 0x0000000763e00000, 0x00000007c0000000)
  eden space 425984K, 0% used [0x0000000740000000,0x0000000740000000,0x000000075a000000)
  from space 20992K, 98% used [0x0000000762980000,0x0000000763d9be10,0x0000000763e00000)
  to   space 41472K, 0% used [0x000000075ed00000,0x000000075ed00000,0x0000000761580000)
 ParOldGen       total 176128K, used 55900K [0x0000000640000000, 0x000000064ac00000, 0x0000000740000000)
  object space 176128K, 31% used [0x0000000640000000,0x00000006436972a8,0x000000064ac00000)
 Metaspace       used 23796K, capacity 24100K, committed 24448K, reserved 1071104K
  class space    used 2750K, capacity 2858K, committed 2944K, reserved 1048576K
}
Event: 4.562 GC heap before
{Heap before GC invocations=10 (full 1):
 PSYoungGen      total 446976K, used 446575K [0x0000000740000000, 0x0000000763e00000, 0x00000007c0000000)
  eden space 425984K, 100% used [0x0000000740000000,0x000000075a000000,0x000000075a000000)
  from space 20992K, 98% used [0x0000000762980000,0x0000000763d9be10,0x0000000763e00000)
  to   space 41472K, 0% used [0x000000075ed00000,0x000000075ed00000,0x0000000761580000)
 ParOldGen       total 176128K, used 55900K [0x0000000640000000, 0x000000064ac00000, 0x0000000740000000)
  object space 176128K, 31% used [0x0000000640000000,0x00000006436972a8,0x000000064ac00000)
 Metaspace       used 28359K, capacity 28772K, committed 29184K, reserved 1075200K
  class space    used 3578K, capacity 3728K, committed 3840K, reserved 1048576K
Event: 4.572 GC heap after
Heap after GC invocations=10 (full 1):
 PSYoungGen      total 546304K, used 26604K [0x0000000740000000, 0x0000000768200000, 0x00000007c0000000)
  eden space 504832K, 0% used [0x0000000740000000,0x0000000740000000,0x000000075ed00000)
  from space 41472K, 64% used [0x000000075ed00000,0x00000007606fb3b0,0x0000000761580000)
  to   space 40448K, 0% used [0x0000000765a80000,0x0000000765a80000,0x0000000768200000)
 ParOldGen       total 176128K, used 55908K [0x0000000640000000, 0x000000064ac00000, 0x0000000740000000)
  object space 176128K, 31% used [0x0000000640000000,0x00000006436992a8,0x000000064ac00000)
 Metaspace       used 28359K, capacity 28772K, committed 29184K, reserved 1075200K
  class space    used 3578K, capacity 3728K, committed 3840K, reserved 1048576K
}
Event: 5.618 GC heap before
{Heap before GC invocations=11 (full 1):
 PSYoungGen      total 546304K, used 531436K [0x0000000740000000, 0x0000000768200000, 0x00000007c0000000)
  eden space 504832K, 100% used [0x0000000740000000,0x000000075ed00000,0x000000075ed00000)
  from space 41472K, 64% used [0x000000075ed00000,0x00000007606fb3b0,0x0000000761580000)
  to   space 40448K, 0% used [0x0000000765a80000,0x0000000765a80000,0x0000000768200000)
 ParOldGen       total 176128K, used 55908K [0x0000000640000000, 0x000000064ac00000, 0x0000000740000000)
  object space 176128K, 31% used [0x0000000640000000,0x00000006436992a8,0x000000064ac00000)
 Metaspace       used 33217K, capacity 33598K, committed 34048K, reserved 1079296K
  class space    used 4383K, capacity 4527K, committed 4608K, reserved 1048576K
Event: 5.633 GC heap after
Heap after GC invocations=11 (full 1):
 PSYoungGen      total 617984K, used 26207K [0x0000000740000000, 0x000000076e000000, 0x00000007c0000000)
  eden space 577536K, 0% used [0x0000000740000000,0x0000000740000000,0x0000000763400000)
  from space 40448K, 64% used [0x0000000765a80000,0x0000000767417c20,0x0000000768200000)
  to   space 39424K, 0% used [0x0000000763400000,0x0000000763400000,0x0000000765a80000)
 ParOldGen       total 176128K, used 72718K [0x0000000640000000, 0x000000064ac00000, 0x0000000740000000)
  object space 176128K, 41% used [0x0000000640000000,0x00000006447039a0,0x000000064ac00000)
 Metaspace       used 33217K, capacity 33598K, committed 34048K, reserved 1079296K
  class space    used 4383K, capacity 4527K, committed 4608K, reserved 1048576K
}
Event: 5.931 GC heap before
{Heap before GC invocations=12 (full 1):
 PSYoungGen      total 617984K, used 43642K [0x0000000740000000, 0x000000076e000000, 0x00000007c0000000)
  eden space 577536K, 3% used [0x0000000740000000,0x0000000741106c08,0x0000000763400000)
  from space 40448K, 64% used [0x0000000765a80000,0x0000000767417c20,0x0000000768200000)
  to   space 39424K, 0% used [0x0000000763400000,0x0000000763400000,0x0000000765a80000)
 ParOldGen       total 176128K, used 72718K [0x0000000640000000, 0x000000064ac00000, 0x0000000740000000)
  object space 176128K, 41% used [0x0000000640000000,0x00000006447039a0,0x000000064ac00000)
 Metaspace       used 34771K, capacity 35139K, committed 35456K, reserved 1079296K
  class space    used 4490K, capacity 4624K, committed 4736K, reserved 1048576K
Event: 5.941 GC heap after
Heap after GC invocations=12 (full 1):
 PSYoungGen      total 616960K, used 775K [0x0000000740000000, 0x0000000774f00000, 0x00000007c0000000)
  eden space 577536K, 0% used [0x0000000740000000,0x0000000740000000,0x0000000763400000)
  from space 39424K, 1% used [0x0000000763400000,0x00000007634c1d88,0x0000000765a80000)
  to   space 41984K, 0% used [0x0000000772600000,0x0000000772600000,0x0000000774f00000)
 ParOldGen       total 176128K, used 95265K [0x0000000640000000, 0x000000064ac00000, 0x0000000740000000)
  object space 176128K, 54% used [0x0000000640000000,0x0000000645d084c8,0x000000064ac00000)
 Metaspace       used 34771K, capacity 35139K, committed 35456K, reserved 1079296K
  class space    used 4490K, capacity 4624K, committed 4736K, reserved 1048576K
}
Event: 5.941 GC heap before
{Heap before GC invocations=13 (full 2):
 PSYoungGen      total 616960K, used 775K [0x0000000740000000, 0x0000000774f00000, 0x00000007c0000000)
  eden space 577536K, 0% used [0x0000000740000000,0x0000000740000000,0x0000000763400000)
  from space 39424K, 1% used [0x0000000763400000,0x00000007634c1d88,0x0000000765a80000)
  to   space 41984K, 0% used [0x0000000772600000,0x0000000772600000,0x0000000774f00000)
 ParOldGen       total 176128K, used 95265K [0x0000000640000000, 0x000000064ac00000, 0x0000000740000000)
  object space 176128K, 54% used [0x0000000640000000,0x0000000645d084c8,0x000000064ac00000)
 Metaspace       used 34771K, capacity 35139K, committed 35456K, reserved 1079296K
  class space    used 4490K, capacity 4624K, committed 4736K, reserved 1048576K
Event: 6.070 GC heap after
Heap after GC invocations=13 (full 2):
 PSYoungGen      total 616960K, used 0K [0x0000000740000000, 0x0000000774f00000, 0x00000007c0000000)
  eden space 577536K, 0% used [0x0000000740000000,0x0000000740000000,0x0000000763400000)
  from space 39424K, 0% used [0x0000000763400000,0x0000000763400000,0x0000000765a80000)
  to   space 41984K, 0% used [0x0000000772600000,0x0000000772600000,0x0000000774f00000)
 ParOldGen       total 260608K, used 89257K [0x0000000640000000, 0x000000064fe80000, 0x0000000740000000)
  object space 260608K, 34% used [0x0000000640000000,0x000000064572a530,0x000000064fe80000)
 Metaspace       used 34771K, capacity 35139K, committed 35456K, reserved 1079296K
  class space    used 4490K, capacity 4624K, committed 4736K, reserved 1048576K
}

