# JRE version: OpenJDK Runtime Environment (8.0_242-b08) (build 1.8.0_242-b08)
# Java VM: OpenJDK 64-Bit Server VM (25.242-b08 mixed mode windows-amd64 compressed oops)
Heap:
 PSYoungGen      total 1887232K, used 182644K [0x0000000740000000, 0x00000007bf800000, 0x00000007c0000000)
  eden space 1690112K, 1% used [0x0000000740000000,0x0000000741ab8370,0x00000007a7280000)
  from space 197120K, 78% used [0x00000007a7280000,0x00000007b0a24e30,0x00000007b3300000)
  to   space 194560K, 0% used [0x00000007b3a00000,0x00000007b3a00000,0x00000007bf800000)
 ParOldGen       total 692736K, used 640576K [0x0000000640000000, 0x000000066a480000, 0x0000000740000000)
  object space 692736K, 92% used [0x0000000640000000,0x0000000667190070,0x000000066a480000)
 Metaspace       used 94052K, capacity 97103K, committed 97432K, reserved 1134592K
  class space    used 11465K, capacity 12107K, committed 12184K, reserved 1048576K
GC Heap History (10 events):
Event: 205.418 GC heap before
{Heap before GC invocations=74 (full 7):
 PSYoungGen      total 1874944K, used 1813346K [0x0000000740000000, 0x00000007bf500000, 0x00000007c0000000)
  eden space 1660416K, 100% used [0x0000000740000000,0x00000007a5580000,0x00000007a5580000)
  from space 214528K, 71% used [0x00000007b2380000,0x00000007bb8d8898,0x00000007bf500000)
  to   space 210944K, 0% used [0x00000007a5580000,0x00000007a5580000,0x00000007b2380000)
 ParOldGen       total 692736K, used 611508K [0x0000000640000000, 0x000000066a480000, 0x0000000740000000)
  object space 692736K, 88% used [0x0000000640000000,0x000000066552d060,0x000000066a480000)
 Metaspace       used 94037K, capacity 97103K, committed 97432K, reserved 1134592K
  class space    used 11464K, capacity 12107K, committed 12184K, reserved 1048576K
Event: 205.443 GC heap after
Heap after GC invocations=74 (full 7):
 PSYoungGen      total 1871360K, used 154263K [0x0000000740000000, 0x00000007bf680000, 0x00000007c0000000)
  eden space 1660416K, 0% used [0x0000000740000000,0x0000000740000000,0x00000007a5580000)
  from space 210944K, 73% used [0x00000007a5580000,0x00000007aec25c48,0x00000007b2380000)
  to   space 207872K, 0% used [0x00000007b2b80000,0x00000007b2b80000,0x00000007bf680000)
 ParOldGen       total 692736K, used 617979K [0x0000000640000000, 0x000000066a480000, 0x0000000740000000)
  object space 692736K, 89% used [0x0000000640000000,0x0000000665b7eed0,0x000000066a480000)
 Metaspace       used 94037K, capacity 97103K, committed 97432K, reserved 1134592K
  class space    used 11464K, capacity 12107K, committed 12184K, reserved 1048576K
}
Event: 207.262 GC heap before
{Heap before GC invocations=75 (full 7):
 PSYoungGen      total 1871360K, used 1814679K [0x0000000740000000, 0x00000007bf680000, 0x00000007c0000000)
  eden space 1660416K, 100% used [0x0000000740000000,0x00000007a5580000,0x00000007a5580000)
  from space 210944K, 73% used [0x00000007a5580000,0x00000007aec25c48,0x00000007b2380000)
  to   space 207872K, 0% used [0x00000007b2b80000,0x00000007b2b80000,0x00000007bf680000)
 ParOldGen       total 692736K, used 617979K [0x0000000640000000, 0x000000066a480000, 0x0000000740000000)
  object space 692736K, 89% used [0x0000000640000000,0x0000000665b7eed0,0x000000066a480000)
 Metaspace       used 94043K, capacity 97103K, committed 97432K, reserved 1134592K
  class space    used 11464K, capacity 12107K, committed 12184K, reserved 1048576K
Event: 207.286 GC heap after
Heap after GC invocations=75 (full 7):
 PSYoungGen      total 1882112K, used 156947K [0x0000000740000000, 0x00000007bf500000, 0x00000007c0000000)
  eden space 1675776K, 0% used [0x0000000740000000,0x0000000740000000,0x00000007a6480000)
  from space 206336K, 76% used [0x00000007b2b80000,0x00000007bc4c4d68,0x00000007bf500000)
  to   space 203776K, 0% used [0x00000007a6480000,0x00000007a6480000,0x00000007b2b80000)
 ParOldGen       total 692736K, used 622075K [0x0000000640000000, 0x000000066a480000, 0x0000000740000000)
  object space 692736K, 89% used [0x0000000640000000,0x0000000665f7ee80,0x000000066a480000)
 Metaspace       used 94043K, capacity 97103K, committed 97432K, reserved 1134592K
  class space    used 11464K, capacity 12107K, committed 12184K, reserved 1048576K
}
Event: 209.363 GC heap before
{Heap before GC invocations=76 (full 7):
 PSYoungGen      total 1882112K, used 1832723K [0x0000000740000000, 0x00000007bf500000, 0x00000007c0000000)
  eden space 1675776K, 100% used [0x0000000740000000,0x00000007a6480000,0x00000007a6480000)
  from space 206336K, 76% used [0x00000007b2b80000,0x00000007bc4c4d68,0x00000007bf500000)
  to   space 203776K, 0% used [0x00000007a6480000,0x00000007a6480000,0x00000007b2b80000)
 ParOldGen       total 692736K, used 622075K [0x0000000640000000, 0x000000066a480000, 0x0000000740000000)
  object space 692736K, 89% used [0x0000000640000000,0x0000000665f7ee80,0x000000066a480000)
 Metaspace       used 94047K, capacity 97103K, committed 97432K, reserved 1134592K
  class space    used 11465K, capacity 12107K, committed 12184K, reserved 1048576K
Event: 209.387 GC heap after
Heap after GC invocations=76 (full 7):
 PSYoungGen      total 1879552K, used 157235K [0x0000000740000000, 0x00000007bf680000, 0x00000007c0000000)
  eden space 1675776K, 0% used [0x0000000740000000,0x0000000740000000,0x00000007a6480000)
  from space 203776K, 77% used [0x00000007a6480000,0x00000007afe0ccc0,0x00000007b2b80000)
  to   space 200192K, 0% used [0x00000007b3300000,0x00000007b3300000,0x00000007bf680000)
 ParOldGen       total 692736K, used 627032K [0x0000000640000000, 0x000000066a480000, 0x0000000740000000)
  object space 692736K, 90% used [0x0000000640000000,0x00000006664561d0,0x000000066a480000)
 Metaspace       used 94047K, capacity 97103K, committed 97432K, reserved 1134592K
  class space    used 11465K, capacity 12107K, committed 12184K, reserved 1048576K
}
Event: 211.531 GC heap before
{Heap before GC invocations=77 (full 7):
 PSYoungGen      total 1879552K, used 1833011K [0x0000000740000000, 0x00000007bf680000, 0x00000007c0000000)
  eden space 1675776K, 100% used [0x0000000740000000,0x00000007a6480000,0x00000007a6480000)
  from space 203776K, 77% used [0x00000007a6480000,0x00000007afe0ccc0,0x00000007b2b80000)
  to   space 200192K, 0% used [0x00000007b3300000,0x00000007b3300000,0x00000007bf680000)
 ParOldGen       total 692736K, used 627032K [0x0000000640000000, 0x000000066a480000, 0x0000000740000000)
  object space 692736K, 90% used [0x0000000640000000,0x00000006664561d0,0x000000066a480000)
 Metaspace       used 94051K, capacity 97103K, committed 97432K, reserved 1134592K
  class space    used 11465K, capacity 12107K, committed 12184K, reserved 1048576K
Event: 211.555 GC heap after
Heap after GC invocations=77 (full 7):
 PSYoungGen      total 1890304K, used 156730K [0x0000000740000000, 0x00000007bf680000, 0x00000007c0000000)
  eden space 1690112K, 0% used [0x0000000740000000,0x0000000740000000,0x00000007a7280000)
  from space 200192K, 78% used [0x00000007b3300000,0x00000007bcc0e880,0x00000007bf680000)
  to   space 197120K, 0% used [0x00000007a7280000,0x00000007a7280000,0x00000007b3300000)
 ParOldGen       total 692736K, used 633502K [0x0000000640000000, 0x000000066a480000, 0x0000000740000000)
  object space 692736K, 91% used [0x0000000640000000,0x0000000666aa7880,0x000000066a480000)
 Metaspace       used 94051K, capacity 97103K, committed 97432K, reserved 1134592K
  class space    used 11465K, capacity 12107K, committed 12184K, reserved 1048576K
}
Event: 213.545 GC heap before
{Heap before GC invocations=78 (full 7):
 PSYoungGen      total 1890304K, used 1846842K [0x0000000740000000, 0x00000007bf680000, 0x00000007c0000000)
  eden space 1690112K, 100% used [0x0000000740000000,0x00000007a7280000,0x00000007a7280000)
  from space 200192K, 78% used [0x00000007b3300000,0x00000007bcc0e880,0x00000007bf680000)
  to   space 197120K, 0% used [0x00000007a7280000,0x00000007a7280000,0x00000007b3300000)
 ParOldGen       total 692736K, used 633502K [0x0000000640000000, 0x000000066a480000, 0x0000000740000000)
  object space 692736K, 91% used [0x0000000640000000,0x0000000666aa7880,0x000000066a480000)
 Metaspace       used 94052K, capacity 97103K, committed 97432K, reserved 1134592K
  class space    used 11465K, capacity 12107K, committed 12184K, reserved 1048576K
Event: 213.570 GC heap after
Heap after GC invocations=78 (full 7):
 PSYoungGen      total 1887232K, used 155283K [0x0000000740000000, 0x00000007bf800000, 0x00000007c0000000)
  eden space 1690112K, 0% used [0x0000000740000000,0x0000000740000000,0x00000007a7280000)
  from space 197120K, 78% used [0x00000007a7280000,0x00000007b0a24e30,0x00000007b3300000)
  to   space 194560K, 0% used [0x00000007b3a00000,0x00000007b3a00000,0x00000007bf800000)
 ParOldGen       total 692736K, used 640576K [0x0000000640000000, 0x000000066a480000, 0x0000000740000000)
  object space 692736K, 92% used [0x0000000640000000,0x0000000667190070,0x000000066a480000)
 Metaspace       used 94052K, capacity 97103K, committed 97432K, reserved 1134592K
  class space    used 11465K, capacity 12107K, committed 12184K, reserved 1048576K
}

