# JRE version: OpenJDK Runtime Environment (8.0_242-b08) (build 1.8.0_242-b08)
# Java VM: OpenJDK 64-Bit Server VM (25.242-b08 mixed mode windows-amd64 compressed oops)
Heap:
 PSYoungGen      total 1074688K, used 879680K [0x0000000740000000, 0x0000000786400000, 0x00000007c0000000)
  eden space 1013760K, 81% used [0x0000000740000000,0x00000007726c2fb8,0x000000077de00000)
  from space 60928K, 87% used [0x0000000782880000,0x0000000785ccd128,0x0000000786400000)
  to   space 68608K, 0% used [0x000000077de00000,0x000000077de00000,0x0000000782100000)
 ParOldGen       total 269824K, used 156758K [0x0000000640000000, 0x0000000650780000, 0x0000000740000000)
  object space 269824K, 58% used [0x0000000640000000,0x00000006499159e8,0x0000000650780000)
 Metaspace       used 57731K, capacity 58495K, committed 58800K, reserved 1099776K
  class space    used 7603K, capacity 7846K, committed 7856K, reserved 1048576K
GC Heap History (10 events):
Event: 6.437 GC heap before
{Heap before GC invocations=10 (full 1):
 PSYoungGen      total 660992K, used 60741K [0x0000000740000000, 0x0000000774600000, 0x00000007c0000000)
  eden space 619008K, 3% used [0x0000000740000000,0x0000000741258730,0x0000000765c80000)
  from space 41984K, 99% used [0x0000000768a80000,0x000000076b378e78,0x000000076b380000)
  to   space 47104K, 0% used [0x0000000765c80000,0x0000000765c80000,0x0000000768a80000)
 ParOldGen       total 186880K, used 60319K [0x0000000640000000, 0x000000064b680000, 0x0000000740000000)
  object space 186880K, 32% used [0x0000000640000000,0x0000000643ae7ff8,0x000000064b680000)
 Metaspace       used 34841K, capacity 35203K, committed 35496K, reserved 1081344K
  class space    used 4487K, capacity 4624K, committed 4656K, reserved 1048576K
Event: 6.447 GC heap after
Heap after GC invocations=10 (full 1):
 PSYoungGen      total 666112K, used 23138K [0x0000000740000000, 0x0000000778080000, 0x00000007c0000000)
  eden space 619008K, 0% used [0x0000000740000000,0x0000000740000000,0x0000000765c80000)
  from space 47104K, 49% used [0x0000000765c80000,0x0000000767318bb8,0x0000000768a80000)
  to   space 46080K, 0% used [0x0000000775380000,0x0000000775380000,0x0000000778080000)
 ParOldGen       total 186880K, used 77189K [0x0000000640000000, 0x000000064b680000, 0x0000000740000000)
  object space 186880K, 41% used [0x0000000640000000,0x0000000644b614e8,0x000000064b680000)
 Metaspace       used 34841K, capacity 35203K, committed 35496K, reserved 1081344K
  class space    used 4487K, capacity 4624K, committed 4656K, reserved 1048576K
}
Event: 6.447 GC heap before
{Heap before GC invocations=11 (full 2):
 PSYoungGen      total 666112K, used 23138K [0x0000000740000000, 0x0000000778080000, 0x00000007c0000000)
  eden space 619008K, 0% used [0x0000000740000000,0x0000000740000000,0x0000000765c80000)
  from space 47104K, 49% used [0x0000000765c80000,0x0000000767318bb8,0x0000000768a80000)
  to   space 46080K, 0% used [0x0000000775380000,0x0000000775380000,0x0000000778080000)
 ParOldGen       total 186880K, used 77189K [0x0000000640000000, 0x000000064b680000, 0x0000000740000000)
  object space 186880K, 41% used [0x0000000640000000,0x0000000644b614e8,0x000000064b680000)
 Metaspace       used 34841K, capacity 35203K, committed 35496K, reserved 1081344K
  class space    used 4487K, capacity 4624K, committed 4656K, reserved 1048576K
Event: 6.536 GC heap after
Heap after GC invocations=11 (full 2):
 PSYoungGen      total 666112K, used 0K [0x0000000740000000, 0x0000000778080000, 0x00000007c0000000)
  eden space 619008K, 0% used [0x0000000740000000,0x0000000740000000,0x0000000765c80000)
  from space 47104K, 0% used [0x0000000765c80000,0x0000000765c80000,0x0000000768a80000)
  to   space 46080K, 0% used [0x0000000775380000,0x0000000775380000,0x0000000778080000)
 ParOldGen       total 269824K, used 93698K [0x0000000640000000, 0x0000000650780000, 0x0000000740000000)
  object space 269824K, 34% used [0x0000000640000000,0x0000000645b80900,0x0000000650780000)
 Metaspace       used 34841K, capacity 35203K, committed 35496K, reserved 1081344K
  class space    used 4487K, capacity 4624K, committed 4656K, reserved 1048576K
}
Event: 8.654 GC heap before
{Heap before GC invocations=12 (full 2):
 PSYoungGen      total 666112K, used 619008K [0x0000000740000000, 0x0000000778080000, 0x00000007c0000000)
  eden space 619008K, 100% used [0x0000000740000000,0x0000000765c80000,0x0000000765c80000)
  from space 47104K, 0% used [0x0000000765c80000,0x0000000765c80000,0x0000000768a80000)
  to   space 46080K, 0% used [0x0000000775380000,0x0000000775380000,0x0000000778080000)
 ParOldGen       total 269824K, used 93698K [0x0000000640000000, 0x0000000650780000, 0x0000000740000000)
  object space 269824K, 34% used [0x0000000640000000,0x0000000645b80900,0x0000000650780000)
 Metaspace       used 37510K, capacity 37893K, committed 38320K, reserved 1083392K
  class space    used 4819K, capacity 4963K, committed 5040K, reserved 1048576K
Event: 8.708 GC heap after
Heap after GC invocations=12 (full 2):
 PSYoungGen      total 847872K, used 46071K [0x0000000740000000, 0x0000000779000000, 0x00000007c0000000)
  eden space 801792K, 0% used [0x0000000740000000,0x0000000740000000,0x0000000770f00000)
  from space 46080K, 99% used [0x0000000775380000,0x000000077807dee8,0x0000000778080000)
  to   space 66048K, 0% used [0x0000000770f00000,0x0000000770f00000,0x0000000774f80000)
 ParOldGen       total 269824K, used 134737K [0x0000000640000000, 0x0000000650780000, 0x0000000740000000)
  object space 269824K, 49% used [0x0000000640000000,0x0000000648394608,0x0000000650780000)
 Metaspace       used 37510K, capacity 37893K, committed 38320K, reserved 1083392K
  class space    used 4819K, capacity 4963K, committed 5040K, reserved 1048576K
}
Event: 10.506 GC heap before
{Heap before GC invocations=13 (full 2):
 PSYoungGen      total 847872K, used 847863K [0x0000000740000000, 0x0000000779000000, 0x00000007c0000000)
  eden space 801792K, 100% used [0x0000000740000000,0x0000000770f00000,0x0000000770f00000)
  from space 46080K, 99% used [0x0000000775380000,0x000000077807dee8,0x0000000778080000)
  to   space 66048K, 0% used [0x0000000770f00000,0x0000000770f00000,0x0000000774f80000)
 ParOldGen       total 269824K, used 134737K [0x0000000640000000, 0x0000000650780000, 0x0000000740000000)
  object space 269824K, 49% used [0x0000000640000000,0x0000000648394608,0x0000000650780000)
 Metaspace       used 46884K, capacity 47585K, committed 48048K, reserved 1091584K
  class space    used 5996K, capacity 6231K, committed 6320K, reserved 1048576K
Event: 10.528 GC heap after
Heap after GC invocations=13 (full 2):
 PSYoungGen      total 867840K, used 37722K [0x0000000740000000, 0x0000000786780000, 0x00000007c0000000)
  eden space 801792K, 0% used [0x0000000740000000,0x0000000740000000,0x0000000770f00000)
  from space 66048K, 57% used [0x0000000770f00000,0x00000007733d6868,0x0000000774f80000)
  to   space 64512K, 0% used [0x0000000782880000,0x0000000782880000,0x0000000786780000)
 ParOldGen       total 269824K, used 156750K [0x0000000640000000, 0x0000000650780000, 0x0000000740000000)
  object space 269824K, 58% used [0x0000000640000000,0x00000006499139e8,0x0000000650780000)
 Metaspace       used 46884K, capacity 47585K, committed 48048K, reserved 1091584K
  class space    used 5996K, capacity 6231K, committed 6320K, reserved 1048576K
}
Event: 12.316 GC heap before
{Heap before GC invocations=14 (full 2):
 PSYoungGen      total 867840K, used 839514K [0x0000000740000000, 0x0000000786780000, 0x00000007c0000000)
  eden space 801792K, 100% used [0x0000000740000000,0x0000000770f00000,0x0000000770f00000)
  from space 66048K, 57% used [0x0000000770f00000,0x00000007733d6868,0x0000000774f80000)
  to   space 64512K, 0% used [0x0000000782880000,0x0000000782880000,0x0000000786780000)
 ParOldGen       total 269824K, used 156750K [0x0000000640000000, 0x0000000650780000, 0x0000000740000000)
  object space 269824K, 58% used [0x0000000640000000,0x00000006499139e8,0x0000000650780000)
 Metaspace       used 53533K, capacity 54183K, committed 54576K, reserved 1097728K
  class space    used 6942K, capacity 7146K, committed 7216K, reserved 1048576K
Event: 12.337 GC heap after
Heap after GC invocations=14 (full 2):
 PSYoungGen      total 1074688K, used 53556K [0x0000000740000000, 0x0000000786400000, 0x00000007c0000000)
  eden space 1013760K, 0% used [0x0000000740000000,0x0000000740000000,0x000000077de00000)
  from space 60928K, 87% used [0x0000000782880000,0x0000000785ccd128,0x0000000786400000)
  to   space 68608K, 0% used [0x000000077de00000,0x000000077de00000,0x0000000782100000)
 ParOldGen       total 269824K, used 156758K [0x0000000640000000, 0x0000000650780000, 0x0000000740000000)
  object space 269824K, 58% used [0x0000000640000000,0x00000006499159e8,0x0000000650780000)
 Metaspace       used 53533K, capacity 54183K, committed 54576K, reserved 1097728K
  class space    used 6942K, capacity 7146K, committed 7216K, reserved 1048576K
}

