# JRE version: OpenJDK Runtime Environment (8.0_242-b08) (build 1.8.0_242-b08)
# Java VM: OpenJDK 64-Bit Server VM (25.242-b08 mixed mode windows-amd64 compressed oops)
Heap:
 PSYoungGen      total 1571840K, used 25752K [0x0000000740000000, 0x00000007aca00000, 0x00000007c0000000)
  eden space 1407488K, 0% used [0x0000000740000000,0x0000000740000000,0x0000000795e80000)
  from space 164352K, 15% used [0x0000000795e80000,0x00000007977a61a8,0x000000079ff00000)
  to   space 162304K, 0% used [0x00000007a2b80000,0x00000007a2b80000,0x00000007aca00000)
 ParOldGen       total 415744K, used 341420K [0x0000000640000000, 0x0000000659600000, 0x0000000740000000)
  object space 415744K, 82% used [0x0000000640000000,0x0000000654d6b160,0x0000000659600000)
 Metaspace       used 75391K, capacity 77507K, committed 77720K, reserved 1116160K
  class space    used 9643K, capacity 10125K, committed 10136K, reserved 1048576K
GC Heap History (10 events):
Event: 20.397 GC heap after
Heap after GC invocations=20 (full 3):
 PSYoungGen      total 1191424K, used 57236K [0x0000000740000000, 0x0000000798400000, 0x00000007c0000000)
  eden space 1110016K, 0% used [0x0000000740000000,0x0000000740000000,0x0000000783c00000)
  from space 81408K, 70% used [0x0000000783c00000,0x00000007873e5160,0x0000000788b80000)
  to   space 83456K, 0% used [0x0000000793280000,0x0000000793280000,0x0000000798400000)
 ParOldGen       total 415744K, used 187189K [0x0000000640000000, 0x0000000659600000, 0x0000000740000000)
  object space 415744K, 45% used [0x0000000640000000,0x000000064b6cd5b0,0x0000000659600000)
 Metaspace       used 59794K, capacity 60789K, committed 61080K, reserved 1101824K
  class space    used 7794K, capacity 8080K, committed 8088K, reserved 1048576K
}
Event: 23.440 GC heap before
{Heap before GC invocations=21 (full 3):
 PSYoungGen      total 1191424K, used 1167252K [0x0000000740000000, 0x0000000798400000, 0x00000007c0000000)
  eden space 1110016K, 100% used [0x0000000740000000,0x0000000783c00000,0x0000000783c00000)
  from space 81408K, 70% used [0x0000000783c00000,0x00000007873e5160,0x0000000788b80000)
  to   space 83456K, 0% used [0x0000000793280000,0x0000000793280000,0x0000000798400000)
 ParOldGen       total 415744K, used 187189K [0x0000000640000000, 0x0000000659600000, 0x0000000740000000)
  object space 415744K, 45% used [0x0000000640000000,0x000000064b6cd5b0,0x0000000659600000)
 Metaspace       used 63324K, capacity 64679K, committed 64920K, reserved 1105920K
  class space    used 8251K, capacity 8595K, committed 8600K, reserved 1048576K
Event: 23.482 GC heap after
Heap after GC invocations=21 (full 3):
 PSYoungGen      total 1352192K, used 81387K [0x0000000740000000, 0x0000000799680000, 0x00000007c0000000)
  eden space 1268736K, 0% used [0x0000000740000000,0x0000000740000000,0x000000078d700000)
  from space 83456K, 97% used [0x0000000793280000,0x00000007981fafb0,0x0000000798400000)
  to   space 93696K, 0% used [0x000000078d700000,0x000000078d700000,0x0000000793280000)
 ParOldGen       total 415744K, used 187197K [0x0000000640000000, 0x0000000659600000, 0x0000000740000000)
  object space 415744K, 45% used [0x0000000640000000,0x000000064b6cf5b0,0x0000000659600000)
 Metaspace       used 63324K, capacity 64679K, committed 64920K, reserved 1105920K
  class space    used 8251K, capacity 8595K, committed 8600K, reserved 1048576K
}
Event: 26.804 GC heap before
{Heap before GC invocations=22 (full 3):
 PSYoungGen      total 1352192K, used 1350123K [0x0000000740000000, 0x0000000799680000, 0x00000007c0000000)
  eden space 1268736K, 100% used [0x0000000740000000,0x000000078d700000,0x000000078d700000)
  from space 83456K, 97% used [0x0000000793280000,0x00000007981fafb0,0x0000000798400000)
  to   space 93696K, 0% used [0x000000078d700000,0x000000078d700000,0x0000000793280000)
 ParOldGen       total 415744K, used 187197K [0x0000000640000000, 0x0000000659600000, 0x0000000740000000)
  object space 415744K, 45% used [0x0000000640000000,0x000000064b6cf5b0,0x0000000659600000)
 Metaspace       used 68831K, capacity 70699K, committed 70936K, reserved 1110016K
  class space    used 8954K, capacity 9379K, committed 9496K, reserved 1048576K
Event: 26.848 GC heap after
Heap after GC invocations=22 (full 3):
 PSYoungGen      total 1362432K, used 93668K [0x0000000740000000, 0x00000007a6f00000, 0x00000007c0000000)
  eden space 1268736K, 0% used [0x0000000740000000,0x0000000740000000,0x000000078d700000)
  from space 93696K, 99% used [0x000000078d700000,0x0000000793279060,0x0000000793280000)
  to   space 114688K, 0% used [0x000000079ff00000,0x000000079ff00000,0x00000007a6f00000)
 ParOldGen       total 415744K, used 209410K [0x0000000640000000, 0x0000000659600000, 0x0000000740000000)
  object space 415744K, 50% used [0x0000000640000000,0x000000064cc80830,0x0000000659600000)
 Metaspace       used 68831K, capacity 70699K, committed 70936K, reserved 1110016K
  class space    used 8954K, capacity 9379K, committed 9496K, reserved 1048576K
}
Event: 31.844 GC heap before
{Heap before GC invocations=23 (full 3):
 PSYoungGen      total 1362432K, used 1362404K [0x0000000740000000, 0x00000007a6f00000, 0x00000007c0000000)
  eden space 1268736K, 100% used [0x0000000740000000,0x000000078d700000,0x000000078d700000)
  from space 93696K, 99% used [0x000000078d700000,0x0000000793279060,0x0000000793280000)
  to   space 114688K, 0% used [0x000000079ff00000,0x000000079ff00000,0x00000007a6f00000)
 ParOldGen       total 415744K, used 209410K [0x0000000640000000, 0x0000000659600000, 0x0000000740000000)
  object space 415744K, 50% used [0x0000000640000000,0x000000064cc80830,0x0000000659600000)
 Metaspace       used 71967K, capacity 74001K, committed 74136K, reserved 1114112K
  class space    used 9285K, capacity 9770K, committed 9880K, reserved 1048576K
Event: 31.909 GC heap after
Heap after GC invocations=23 (full 3):
 PSYoungGen      total 1522176K, used 114680K [0x0000000740000000, 0x00000007ace00000, 0x00000007c0000000)
  eden space 1407488K, 0% used [0x0000000740000000,0x0000000740000000,0x0000000795e80000)
  from space 114688K, 99% used [0x000000079ff00000,0x00000007a6efe240,0x00000007a6f00000)
  to   space 164352K, 0% used [0x0000000795e80000,0x0000000795e80000,0x000000079ff00000)
 ParOldGen       total 415744K, used 299062K [0x0000000640000000, 0x0000000659600000, 0x0000000740000000)
  object space 415744K, 71% used [0x0000000640000000,0x000000065240dbd8,0x0000000659600000)
 Metaspace       used 71967K, capacity 74001K, committed 74136K, reserved 1114112K
  class space    used 9285K, capacity 9770K, committed 9880K, reserved 1048576K
}
Event: 33.971 GC heap before
{Heap before GC invocations=24 (full 3):
 PSYoungGen      total 1522176K, used 1350342K [0x0000000740000000, 0x00000007ace00000, 0x00000007c0000000)
  eden space 1407488K, 87% used [0x0000000740000000,0x000000078b6b36c0,0x0000000795e80000)
  from space 114688K, 99% used [0x000000079ff00000,0x00000007a6efe240,0x00000007a6f00000)
  to   space 164352K, 0% used [0x0000000795e80000,0x0000000795e80000,0x000000079ff00000)
 ParOldGen       total 415744K, used 299062K [0x0000000640000000, 0x0000000659600000, 0x0000000740000000)
  object space 415744K, 71% used [0x0000000640000000,0x000000065240dbd8,0x0000000659600000)
 Metaspace       used 75391K, capacity 77507K, committed 77720K, reserved 1116160K
  class space    used 9643K, capacity 10125K, committed 10136K, reserved 1048576K
Event: 33.994 GC heap after
Heap after GC invocations=24 (full 3):
 PSYoungGen      total 1571840K, used 25752K [0x0000000740000000, 0x00000007aca00000, 0x00000007c0000000)
  eden space 1407488K, 0% used [0x0000000740000000,0x0000000740000000,0x0000000795e80000)
  from space 164352K, 15% used [0x0000000795e80000,0x00000007977a61a8,0x000000079ff00000)
  to   space 162304K, 0% used [0x00000007a2b80000,0x00000007a2b80000,0x00000007aca00000)
 ParOldGen       total 415744K, used 341420K [0x0000000640000000, 0x0000000659600000, 0x0000000740000000)
  object space 415744K, 82% used [0x0000000640000000,0x0000000654d6b160,0x0000000659600000)
 Metaspace       used 75391K, capacity 77507K, committed 77720K, reserved 1116160K
  class space    used 9643K, capacity 10125K, committed 10136K, reserved 1048576K
}
Event: 33.994 GC heap before
{Heap before GC invocations=25 (full 4):
 PSYoungGen      total 1571840K, used 25752K [0x0000000740000000, 0x00000007aca00000, 0x00000007c0000000)
  eden space 1407488K, 0% used [0x0000000740000000,0x0000000740000000,0x0000000795e80000)
  from space 164352K, 15% used [0x0000000795e80000,0x00000007977a61a8,0x000000079ff00000)
  to   space 162304K, 0% used [0x00000007a2b80000,0x00000007a2b80000,0x00000007aca00000)
 ParOldGen       total 415744K, used 341420K [0x0000000640000000, 0x0000000659600000, 0x0000000740000000)
  object space 415744K, 82% used [0x0000000640000000,0x0000000654d6b160,0x0000000659600000)
 Metaspace       used 75391K, capacity 77507K, committed 77720K, reserved 1116160K
  class space    used 9643K, capacity 10125K, committed 10136K, reserved 1048576K

