# JRE version: OpenJDK Runtime Environment (8.0_242-b08) (build 1.8.0_242-b08)
# Java VM: OpenJDK 64-Bit Server VM (25.242-b08 mixed mode windows-amd64 compressed oops)
Heap:
 PSYoungGen      total 1004032K, used 953385K [0x0000000740000000, 0x0000000782300000, 0x00000007c0000000)
  eden space 966656K, 95% used [0x0000000740000000,0x00000007789252b0,0x000000077b000000)
  from space 37376K, 70% used [0x000000077fe80000,0x00000007818654f0,0x0000000782300000)
  to   space 58880K, 0% used [0x000000077b000000,0x000000077b000000,0x000000077e980000)
 ParOldGen       total 256512K, used 173809K [0x0000000640000000, 0x000000064fa80000, 0x0000000740000000)
  object space 256512K, 67% used [0x0000000640000000,0x000000064a9bc7d8,0x000000064fa80000)
 Metaspace       used 57722K, capacity 58495K, committed 58800K, reserved 1099776K
  class space    used 7601K, capacity 7845K, committed 7856K, reserved 1048576K
GC Heap History (10 events):
Event: 6.087 GC heap before
{Heap before GC invocations=12 (full 1):
 PSYoungGen      total 615936K, used 43235K [0x0000000740000000, 0x000000076dd80000, 0x00000007c0000000)
  eden space 576512K, 3% used [0x0000000740000000,0x00000007410ebec8,0x0000000763300000)
  from space 39424K, 65% used [0x0000000765800000,0x000000076714cfd8,0x0000000767e80000)
  to   space 37888K, 0% used [0x0000000763300000,0x0000000763300000,0x0000000765800000)
 ParOldGen       total 181248K, used 76608K [0x0000000640000000, 0x000000064b100000, 0x0000000740000000)
  object space 181248K, 42% used [0x0000000640000000,0x0000000644ad0010,0x000000064b100000)
 Metaspace       used 34801K, capacity 35197K, committed 35496K, reserved 1081344K
  class space    used 4486K, capacity 4622K, committed 4656K, reserved 1048576K
Event: 6.096 GC heap after
Heap after GC invocations=12 (full 1):
 PSYoungGen      total 614400K, used 837K [0x0000000740000000, 0x0000000774780000, 0x00000007c0000000)
  eden space 576512K, 0% used [0x0000000740000000,0x0000000740000000,0x0000000763300000)
  from space 37888K, 2% used [0x0000000763300000,0x00000007633d1650,0x0000000765800000)
  to   space 40960K, 0% used [0x0000000771f80000,0x0000000771f80000,0x0000000774780000)
 ParOldGen       total 181248K, used 98917K [0x0000000640000000, 0x000000064b100000, 0x0000000740000000)
  object space 181248K, 54% used [0x0000000640000000,0x0000000646099678,0x000000064b100000)
 Metaspace       used 34801K, capacity 35197K, committed 35496K, reserved 1081344K
  class space    used 4486K, capacity 4622K, committed 4656K, reserved 1048576K
}
Event: 6.096 GC heap before
{Heap before GC invocations=13 (full 2):
 PSYoungGen      total 614400K, used 837K [0x0000000740000000, 0x0000000774780000, 0x00000007c0000000)
  eden space 576512K, 0% used [0x0000000740000000,0x0000000740000000,0x0000000763300000)
  from space 37888K, 2% used [0x0000000763300000,0x00000007633d1650,0x0000000765800000)
  to   space 40960K, 0% used [0x0000000771f80000,0x0000000771f80000,0x0000000774780000)
 ParOldGen       total 181248K, used 98917K [0x0000000640000000, 0x000000064b100000, 0x0000000740000000)
  object space 181248K, 54% used [0x0000000640000000,0x0000000646099678,0x000000064b100000)
 Metaspace       used 34801K, capacity 35197K, committed 35496K, reserved 1081344K
  class space    used 4486K, capacity 4622K, committed 4656K, reserved 1048576K
Event: 6.187 GC heap after
Heap after GC invocations=13 (full 2):
 PSYoungGen      total 614400K, used 0K [0x0000000740000000, 0x0000000774780000, 0x00000007c0000000)
  eden space 576512K, 0% used [0x0000000740000000,0x0000000740000000,0x0000000763300000)
  from space 37888K, 0% used [0x0000000763300000,0x0000000763300000,0x0000000765800000)
  to   space 40960K, 0% used [0x0000000771f80000,0x0000000771f80000,0x0000000774780000)
 ParOldGen       total 256512K, used 89216K [0x0000000640000000, 0x000000064fa80000, 0x0000000740000000)
  object space 256512K, 34% used [0x0000000640000000,0x0000000645720280,0x000000064fa80000)
 Metaspace       used 34801K, capacity 35197K, committed 35496K, reserved 1081344K
  class space    used 4486K, capacity 4622K, committed 4656K, reserved 1048576K
}
Event: 8.271 GC heap before
{Heap before GC invocations=14 (full 2):
 PSYoungGen      total 614400K, used 576512K [0x0000000740000000, 0x0000000774780000, 0x00000007c0000000)
  eden space 576512K, 100% used [0x0000000740000000,0x0000000763300000,0x0000000763300000)
  from space 37888K, 0% used [0x0000000763300000,0x0000000763300000,0x0000000765800000)
  to   space 40960K, 0% used [0x0000000771f80000,0x0000000771f80000,0x0000000774780000)
 ParOldGen       total 256512K, used 89216K [0x0000000640000000, 0x000000064fa80000, 0x0000000740000000)
  object space 256512K, 34% used [0x0000000640000000,0x0000000645720280,0x000000064fa80000)
 Metaspace       used 37036K, capacity 37495K, committed 38064K, reserved 1083392K
  class space    used 4748K, capacity 4915K, committed 5040K, reserved 1048576K
Event: 8.345 GC heap after
Heap after GC invocations=14 (full 2):
 PSYoungGen      total 798208K, used 40930K [0x0000000740000000, 0x0000000775c80000, 0x00000007c0000000)
  eden space 757248K, 0% used [0x0000000740000000,0x0000000740000000,0x000000076e380000)
  from space 40960K, 99% used [0x0000000771f80000,0x0000000774778808,0x0000000774780000)
  to   space 61440K, 0% used [0x000000076e380000,0x000000076e380000,0x0000000771f80000)
 ParOldGen       total 256512K, used 131792K [0x0000000640000000, 0x000000064fa80000, 0x0000000740000000)
  object space 256512K, 51% used [0x0000000640000000,0x00000006480b4268,0x000000064fa80000)
 Metaspace       used 37036K, capacity 37495K, committed 38064K, reserved 1083392K
  class space    used 4748K, capacity 4915K, committed 5040K, reserved 1048576K
}
Event: 9.990 GC heap before
{Heap before GC invocations=15 (full 2):
 PSYoungGen      total 798208K, used 798178K [0x0000000740000000, 0x0000000775c80000, 0x00000007c0000000)
  eden space 757248K, 100% used [0x0000000740000000,0x000000076e380000,0x000000076e380000)
  from space 40960K, 99% used [0x0000000771f80000,0x0000000774778808,0x0000000774780000)
  to   space 61440K, 0% used [0x000000076e380000,0x000000076e380000,0x0000000771f80000)
 ParOldGen       total 256512K, used 131792K [0x0000000640000000, 0x000000064fa80000, 0x0000000740000000)
  object space 256512K, 51% used [0x0000000640000000,0x00000006480b4268,0x000000064fa80000)
 Metaspace       used 46406K, capacity 47059K, committed 47408K, reserved 1091584K
  class space    used 5938K, capacity 6161K, committed 6192K, reserved 1048576K
Event: 10.018 GC heap after
Heap after GC invocations=15 (full 2):
 PSYoungGen      total 818688K, used 38015K [0x0000000740000000, 0x0000000783a80000, 0x00000007c0000000)
  eden space 757248K, 0% used [0x0000000740000000,0x0000000740000000,0x000000076e380000)
  from space 61440K, 61% used [0x000000076e380000,0x000000077089ff98,0x0000000771f80000)
  to   space 61440K, 0% used [0x000000077fe80000,0x000000077fe80000,0x0000000783a80000)
 ParOldGen       total 256512K, used 152859K [0x0000000640000000, 0x000000064fa80000, 0x0000000740000000)
  object space 256512K, 59% used [0x0000000640000000,0x0000000649546c30,0x000000064fa80000)
 Metaspace       used 46406K, capacity 47059K, committed 47408K, reserved 1091584K
  class space    used 5938K, capacity 6161K, committed 6192K, reserved 1048576K
}
Event: 11.695 GC heap before
{Heap before GC invocations=16 (full 2):
 PSYoungGen      total 818688K, used 795263K [0x0000000740000000, 0x0000000783a80000, 0x00000007c0000000)
  eden space 757248K, 100% used [0x0000000740000000,0x000000076e380000,0x000000076e380000)
  from space 61440K, 61% used [0x000000076e380000,0x000000077089ff98,0x0000000771f80000)
  to   space 61440K, 0% used [0x000000077fe80000,0x000000077fe80000,0x0000000783a80000)
 ParOldGen       total 256512K, used 152859K [0x0000000640000000, 0x000000064fa80000, 0x0000000740000000)
  object space 256512K, 59% used [0x0000000640000000,0x0000000649546c30,0x000000064fa80000)
 Metaspace       used 52097K, capacity 52759K, committed 53168K, reserved 1095680K
  class space    used 6740K, capacity 6973K, committed 7088K, reserved 1048576K
Event: 11.710 GC heap after
Heap after GC invocations=16 (full 2):
 PSYoungGen      total 1004032K, used 26517K [0x0000000740000000, 0x0000000782300000, 0x00000007c0000000)
  eden space 966656K, 0% used [0x0000000740000000,0x0000000740000000,0x000000077b000000)
  from space 37376K, 70% used [0x000000077fe80000,0x00000007818654f0,0x0000000782300000)
  to   space 58880K, 0% used [0x000000077b000000,0x000000077b000000,0x000000077e980000)
 ParOldGen       total 256512K, used 173809K [0x0000000640000000, 0x000000064fa80000, 0x0000000740000000)
  object space 256512K, 67% used [0x0000000640000000,0x000000064a9bc7d8,0x000000064fa80000)
 Metaspace       used 52097K, capacity 52759K, committed 53168K, reserved 1095680K
  class space    used 6740K, capacity 6973K, committed 7088K, reserved 1048576K
}

