# JRE version: OpenJDK Runtime Environment (8.0_242-b08) (build 1.8.0_242-b08)
# Java VM: OpenJDK 64-Bit Server VM (25.242-b08 mixed mode windows-amd64 compressed oops)
Heap:
 PSYoungGen      total 1525248K, used 175535K [0x0000000740000000, 0x00000007ad280000, 0x00000007c0000000)
  eden space 1292800K, 0% used [0x0000000740000000,0x0000000740000000,0x000000078ee80000)
  from space 232448K, 75% used [0x000000079db80000,0x00000007a86ebe28,0x00000007abe80000)
  to   space 242688K, 0% used [0x000000078ee80000,0x000000078ee80000,0x000000079db80000)
 ParOldGen       total 757760K, used 479341K [0x0000000640000000, 0x000000066e400000, 0x0000000740000000)
  object space 757760K, 63% used [0x0000000640000000,0x000000065d41b428,0x000000066e400000)
 Metaspace       used 98024K, capacity 101873K, committed 102064K, reserved 1138688K
  class space    used 11844K, capacity 12619K, committed 12720K, reserved 1048576K
GC Heap History (10 events):
Event: 4932.593 GC heap after
Heap after GC invocations=1913 (full 15):
 PSYoungGen      total 1353728K, used 114808K [0x0000000740000000, 0x000000079ee80000, 0x00000007c0000000)
  eden space 1157632K, 0% used [0x0000000740000000,0x0000000740000000,0x0000000786a80000)
  from space 196096K, 58% used [0x0000000792f00000,0x0000000799f1e340,0x000000079ee80000)
  to   space 198656K, 0% used [0x0000000786a80000,0x0000000786a80000,0x0000000792c80000)
 ParOldGen       total 757760K, used 437248K [0x0000000640000000, 0x000000066e400000, 0x0000000740000000)
  object space 757760K, 57% used [0x0000000640000000,0x000000065ab003f0,0x000000066e400000)
 Metaspace       used 97926K, capacity 101805K, committed 102064K, reserved 1138688K
  class space    used 11844K, capacity 12619K, committed 12720K, reserved 1048576K
}
Event: 4934.389 GC heap before
{Heap before GC invocations=1914 (full 15):
 PSYoungGen      total 1353728K, used 1272440K [0x0000000740000000, 0x000000079ee80000, 0x00000007c0000000)
  eden space 1157632K, 100% used [0x0000000740000000,0x0000000786a80000,0x0000000786a80000)
  from space 196096K, 58% used [0x0000000792f00000,0x0000000799f1e340,0x000000079ee80000)
  to   space 198656K, 0% used [0x0000000786a80000,0x0000000786a80000,0x0000000792c80000)
 ParOldGen       total 757760K, used 437248K [0x0000000640000000, 0x000000066e400000, 0x0000000740000000)
  object space 757760K, 57% used [0x0000000640000000,0x000000065ab003f0,0x000000066e400000)
 Metaspace       used 97936K, capacity 101805K, committed 102064K, reserved 1138688K
  class space    used 11844K, capacity 12619K, committed 12720K, reserved 1048576K
Event: 4934.407 GC heap after
Heap after GC invocations=1914 (full 15):
 PSYoungGen      total 1356288K, used 109425K [0x0000000740000000, 0x00000007a2580000, 0x00000007c0000000)
  eden space 1157632K, 0% used [0x0000000740000000,0x0000000740000000,0x0000000786a80000)
  from space 198656K, 55% used [0x0000000786a80000,0x000000078d55c498,0x0000000792c80000)
  to   space 192512K, 0% used [0x0000000796980000,0x0000000796980000,0x00000007a2580000)
 ParOldGen       total 757760K, used 451562K [0x0000000640000000, 0x000000066e400000, 0x0000000740000000)
  object space 757760K, 59% used [0x0000000640000000,0x000000065b8fa808,0x000000066e400000)
 Metaspace       used 97936K, capacity 101805K, committed 102064K, reserved 1138688K
  class space    used 11844K, capacity 12619K, committed 12720K, reserved 1048576K
}
Event: 4935.134 GC heap before
{Heap before GC invocations=1915 (full 15):
 PSYoungGen      total 1356288K, used 1267057K [0x0000000740000000, 0x00000007a2580000, 0x00000007c0000000)
  eden space 1157632K, 100% used [0x0000000740000000,0x0000000786a80000,0x0000000786a80000)
  from space 198656K, 55% used [0x0000000786a80000,0x000000078d55c498,0x0000000792c80000)
  to   space 192512K, 0% used [0x0000000796980000,0x0000000796980000,0x00000007a2580000)
 ParOldGen       total 757760K, used 451562K [0x0000000640000000, 0x000000066e400000, 0x0000000740000000)
  object space 757760K, 59% used [0x0000000640000000,0x000000065b8fa808,0x000000066e400000)
 Metaspace       used 97939K, capacity 101805K, committed 102064K, reserved 1138688K
  class space    used 11844K, capacity 12619K, committed 12720K, reserved 1048576K
Event: 4935.185 GC heap after
Heap after GC invocations=1915 (full 15):
 PSYoungGen      total 1384448K, used 192489K [0x0000000740000000, 0x00000007a8a00000, 0x00000007c0000000)
  eden space 1191936K, 0% used [0x0000000740000000,0x0000000740000000,0x0000000788c00000)
  from space 192512K, 99% used [0x0000000796980000,0x00000007a257a680,0x00000007a2580000)
  to   space 226816K, 0% used [0x0000000788c00000,0x0000000788c00000,0x0000000796980000)
 ParOldGen       total 757760K, used 476659K [0x0000000640000000, 0x000000066e400000, 0x0000000740000000)
  object space 757760K, 62% used [0x0000000640000000,0x000000065d17cfd8,0x000000066e400000)
 Metaspace       used 97939K, capacity 101805K, committed 102064K, reserved 1138688K
  class space    used 11844K, capacity 12619K, committed 12720K, reserved 1048576K
}
Event: 4935.855 GC heap before
{Heap before GC invocations=1916 (full 15):
 PSYoungGen      total 1384448K, used 1384425K [0x0000000740000000, 0x00000007a8a00000, 0x00000007c0000000)
  eden space 1191936K, 100% used [0x0000000740000000,0x0000000788c00000,0x0000000788c00000)
  from space 192512K, 99% used [0x0000000796980000,0x00000007a257a680,0x00000007a2580000)
  to   space 226816K, 0% used [0x0000000788c00000,0x0000000788c00000,0x0000000796980000)
 ParOldGen       total 757760K, used 476659K [0x0000000640000000, 0x000000066e400000, 0x0000000740000000)
  object space 757760K, 62% used [0x0000000640000000,0x000000065d17cfd8,0x000000066e400000)
 Metaspace       used 97990K, capacity 101869K, committed 102064K, reserved 1138688K
  class space    used 11844K, capacity 12619K, committed 12720K, reserved 1048576K
Event: 4935.881 GC heap after
Heap after GC invocations=1916 (full 15):
 PSYoungGen      total 1418752K, used 157498K [0x0000000740000000, 0x00000007abe80000, 0x00000007c0000000)
  eden space 1191936K, 0% used [0x0000000740000000,0x0000000740000000,0x0000000788c00000)
  from space 226816K, 69% used [0x0000000788c00000,0x00000007925cea90,0x0000000796980000)
  to   space 232448K, 0% used [0x000000079db80000,0x000000079db80000,0x00000007abe80000)
 ParOldGen       total 757760K, used 479333K [0x0000000640000000, 0x000000066e400000, 0x0000000740000000)
  object space 757760K, 63% used [0x0000000640000000,0x000000065d419428,0x000000066e400000)
 Metaspace       used 97990K, capacity 101869K, committed 102064K, reserved 1138688K
  class space    used 11844K, capacity 12619K, committed 12720K, reserved 1048576K
}
Event: 4937.003 GC heap before
{Heap before GC invocations=1917 (full 15):
 PSYoungGen      total 1418752K, used 641542K [0x0000000740000000, 0x00000007abe80000, 0x00000007c0000000)
  eden space 1191936K, 40% used [0x0000000740000000,0x000000075d8b2f38,0x0000000788c00000)
  from space 226816K, 69% used [0x0000000788c00000,0x00000007925cea90,0x0000000796980000)
  to   space 232448K, 0% used [0x000000079db80000,0x000000079db80000,0x00000007abe80000)
 ParOldGen       total 757760K, used 479333K [0x0000000640000000, 0x000000066e400000, 0x0000000740000000)
  object space 757760K, 63% used [0x0000000640000000,0x000000065d419428,0x000000066e400000)
 Metaspace       used 98024K, capacity 101873K, committed 102064K, reserved 1138688K
  class space    used 11844K, capacity 12619K, committed 12720K, reserved 1048576K
Event: 4937.049 GC heap after
Heap after GC invocations=1917 (full 15):
 PSYoungGen      total 1525248K, used 175535K [0x0000000740000000, 0x00000007ad280000, 0x00000007c0000000)
  eden space 1292800K, 0% used [0x0000000740000000,0x0000000740000000,0x000000078ee80000)
  from space 232448K, 75% used [0x000000079db80000,0x00000007a86ebe28,0x00000007abe80000)
  to   space 242688K, 0% used [0x000000078ee80000,0x000000078ee80000,0x000000079db80000)
 ParOldGen       total 757760K, used 479341K [0x0000000640000000, 0x000000066e400000, 0x0000000740000000)
  object space 757760K, 63% used [0x0000000640000000,0x000000065d41b428,0x000000066e400000)
 Metaspace       used 98024K, capacity 101873K, committed 102064K, reserved 1138688K
  class space    used 11844K, capacity 12619K, committed 12720K, reserved 1048576K
}
Event: 4937.049 GC heap before
{Heap before GC invocations=1918 (full 16):
 PSYoungGen      total 1525248K, used 175535K [0x0000000740000000, 0x00000007ad280000, 0x00000007c0000000)
  eden space 1292800K, 0% used [0x0000000740000000,0x0000000740000000,0x000000078ee80000)
  from space 232448K, 75% used [0x000000079db80000,0x00000007a86ebe28,0x00000007abe80000)
  to   space 242688K, 0% used [0x000000078ee80000,0x000000078ee80000,0x000000079db80000)
 ParOldGen       total 757760K, used 479341K [0x0000000640000000, 0x000000066e400000, 0x0000000740000000)
  object space 757760K, 63% used [0x0000000640000000,0x000000065d41b428,0x000000066e400000)
 Metaspace       used 98024K, capacity 101873K, committed 102064K, reserved 1138688K
  class space    used 11844K, capacity 12619K, committed 12720K, reserved 1048576K

