# JRE version: OpenJDK Runtime Environment (8.0_242-b08) (build 1.8.0_242-b08)
# Java VM: OpenJDK 64-Bit Server VM (25.242-b08 mixed mode windows-amd64 compressed oops)
Heap:
 PSYoungGen      total 1966080K, used 896910K [0x0000000740000000, 0x00000007c0000000, 0x00000007c0000000)
  eden space 1841664K, 42% used [0x0000000740000000,0x0000000770462ea0,0x00000007b0680000)
  from space 124416K, 85% used [0x00000007b0680000,0x00000007b6e009d0,0x00000007b8000000)
  to   space 123904K, 0% used [0x00000007b8700000,0x00000007b8700000,0x00000007c0000000)
 ParOldGen       total 1016320K, used 838760K [0x0000000640000000, 0x000000067e080000, 0x0000000740000000)
  object space 1016320K, 82% used [0x0000000640000000,0x000000067331a348,0x000000067e080000)
 Metaspace       used 94187K, capacity 97385K, committed 97624K, reserved 1134592K
  class space    used 11448K, capacity 12113K, committed 12160K, reserved 1048576K
GC Heap History (10 events):
Event: 409.068 GC heap before
{Heap before GC invocations=118 (full 9):
 PSYoungGen      total 1950208K, used 1918220K [0x0000000740000000, 0x00000007bf880000, 0x00000007c0000000)
  eden space 1821184K, 100% used [0x0000000740000000,0x00000007af280000,0x00000007af280000)
  from space 129024K, 75% used [0x00000007b7a80000,0x00000007bd943268,0x00000007bf880000)
  to   space 134144K, 0% used [0x00000007af280000,0x00000007af280000,0x00000007b7580000)
 ParOldGen       total 1016320K, used 809876K [0x0000000640000000, 0x000000067e080000, 0x0000000740000000)
  object space 1016320K, 79% used [0x0000000640000000,0x00000006716e5190,0x000000067e080000)
 Metaspace       used 93854K, capacity 96839K, committed 97112K, reserved 1134592K
  class space    used 11393K, capacity 12058K, committed 12160K, reserved 1048576K
Event: 409.084 GC heap after
Heap after GC invocations=118 (full 9):
 PSYoungGen      total 1955328K, used 98378K [0x0000000740000000, 0x00000007c0000000, 0x00000007c0000000)
  eden space 1821184K, 0% used [0x0000000740000000,0x0000000740000000,0x00000007af280000)
  from space 134144K, 73% used [0x00000007af280000,0x00000007b5292a78,0x00000007b7580000)
  to   space 132096K, 0% used [0x00000007b7f00000,0x00000007b7f00000,0x00000007c0000000)
 ParOldGen       total 1016320K, used 816204K [0x0000000640000000, 0x000000067e080000, 0x0000000740000000)
  object space 1016320K, 80% used [0x0000000640000000,0x0000000671d13190,0x000000067e080000)
 Metaspace       used 93854K, capacity 96839K, committed 97112K, reserved 1134592K
  class space    used 11393K, capacity 12058K, committed 12160K, reserved 1048576K
}
Event: 411.525 GC heap before
{Heap before GC invocations=119 (full 9):
 PSYoungGen      total 1955328K, used 1919562K [0x0000000740000000, 0x00000007c0000000, 0x00000007c0000000)
  eden space 1821184K, 100% used [0x0000000740000000,0x00000007af280000,0x00000007af280000)
  from space 134144K, 73% used [0x00000007af280000,0x00000007b5292a78,0x00000007b7580000)
  to   space 132096K, 0% used [0x00000007b7f00000,0x00000007b7f00000,0x00000007c0000000)
 ParOldGen       total 1016320K, used 816204K [0x0000000640000000, 0x000000067e080000, 0x0000000740000000)
  object space 1016320K, 80% used [0x0000000640000000,0x0000000671d13190,0x000000067e080000)
 Metaspace       used 93918K, capacity 96971K, committed 97112K, reserved 1134592K
  class space    used 11408K, capacity 12078K, committed 12160K, reserved 1048576K
Event: 411.542 GC heap after
Heap after GC invocations=119 (full 9):
 PSYoungGen      total 1954816K, used 100820K [0x0000000740000000, 0x00000007bf800000, 0x00000007c0000000)
  eden space 1830912K, 0% used [0x0000000740000000,0x0000000740000000,0x00000007afc00000)
  from space 123904K, 81% used [0x00000007b7f00000,0x00000007be175060,0x00000007bf800000)
  to   space 129024K, 0% used [0x00000007afc00000,0x00000007afc00000,0x00000007b7a00000)
 ParOldGen       total 1016320K, used 821778K [0x0000000640000000, 0x000000067e080000, 0x0000000740000000)
  object space 1016320K, 80% used [0x0000000640000000,0x0000000672284bc8,0x000000067e080000)
 Metaspace       used 93918K, capacity 96971K, committed 97112K, reserved 1134592K
  class space    used 11408K, capacity 12078K, committed 12160K, reserved 1048576K
}
Event: 413.007 GC heap before
{Heap before GC invocations=120 (full 9):
 PSYoungGen      total 1954816K, used 1915780K [0x0000000740000000, 0x00000007bf800000, 0x00000007c0000000)
  eden space 1830912K, 99% used [0x0000000740000000,0x00000007aec6c230,0x00000007afc00000)
  from space 123904K, 81% used [0x00000007b7f00000,0x00000007be175060,0x00000007bf800000)
  to   space 129024K, 0% used [0x00000007afc00000,0x00000007afc00000,0x00000007b7a00000)
 ParOldGen       total 1016320K, used 821778K [0x0000000640000000, 0x000000067e080000, 0x0000000740000000)
  object space 1016320K, 80% used [0x0000000640000000,0x0000000672284bc8,0x000000067e080000)
 Metaspace       used 94166K, capacity 97321K, committed 97368K, reserved 1134592K
  class space    used 11448K, capacity 12113K, committed 12160K, reserved 1048576K
Event: 413.024 GC heap after
Heap after GC invocations=120 (full 9):
 PSYoungGen      total 1959936K, used 101697K [0x0000000740000000, 0x00000007c0000000, 0x00000007c0000000)
  eden space 1830912K, 0% used [0x0000000740000000,0x0000000740000000,0x00000007afc00000)
  from space 129024K, 78% used [0x00000007afc00000,0x00000007b5f50518,0x00000007b7a00000)
  to   space 126464K, 0% used [0x00000007b8480000,0x00000007b8480000,0x00000007c0000000)
 ParOldGen       total 1016320K, used 828127K [0x0000000640000000, 0x000000067e080000, 0x0000000740000000)
  object space 1016320K, 81% used [0x0000000640000000,0x00000006728b7f18,0x000000067e080000)
 Metaspace       used 94166K, capacity 97321K, committed 97368K, reserved 1134592K
  class space    used 11448K, capacity 12113K, committed 12160K, reserved 1048576K
}
Event: 414.556 GC heap before
{Heap before GC invocations=121 (full 9):
 PSYoungGen      total 1959936K, used 1932609K [0x0000000740000000, 0x00000007c0000000, 0x00000007c0000000)
  eden space 1830912K, 100% used [0x0000000740000000,0x00000007afc00000,0x00000007afc00000)
  from space 129024K, 78% used [0x00000007afc00000,0x00000007b5f50518,0x00000007b7a00000)
  to   space 126464K, 0% used [0x00000007b8480000,0x00000007b8480000,0x00000007c0000000)
 ParOldGen       total 1016320K, used 828127K [0x0000000640000000, 0x000000067e080000, 0x0000000740000000)
  object space 1016320K, 81% used [0x0000000640000000,0x00000006728b7f18,0x000000067e080000)
 Metaspace       used 94181K, capacity 97321K, committed 97368K, reserved 1134592K
  class space    used 11448K, capacity 12113K, committed 12160K, reserved 1048576K
Event: 414.572 GC heap after
Heap after GC invocations=121 (full 9):
 PSYoungGen      total 1961472K, used 98226K [0x0000000740000000, 0x00000007bf980000, 0x00000007c0000000)
  eden space 1841664K, 0% used [0x0000000740000000,0x0000000740000000,0x00000007b0680000)
  from space 119808K, 81% used [0x00000007b8480000,0x00000007be46cb40,0x00000007bf980000)
  to   space 124416K, 0% used [0x00000007b0680000,0x00000007b0680000,0x00000007b8000000)
 ParOldGen       total 1016320K, used 833806K [0x0000000640000000, 0x000000067e080000, 0x0000000740000000)
  object space 1016320K, 82% used [0x0000000640000000,0x0000000672e438f8,0x000000067e080000)
 Metaspace       used 94181K, capacity 97321K, committed 97368K, reserved 1134592K
  class space    used 11448K, capacity 12113K, committed 12160K, reserved 1048576K
}
Event: 416.778 GC heap before
{Heap before GC invocations=122 (full 9):
 PSYoungGen      total 1961472K, used 1939890K [0x0000000740000000, 0x00000007bf980000, 0x00000007c0000000)
  eden space 1841664K, 100% used [0x0000000740000000,0x00000007b0680000,0x00000007b0680000)
  from space 119808K, 81% used [0x00000007b8480000,0x00000007be46cb40,0x00000007bf980000)
  to   space 124416K, 0% used [0x00000007b0680000,0x00000007b0680000,0x00000007b8000000)
 ParOldGen       total 1016320K, used 833806K [0x0000000640000000, 0x000000067e080000, 0x0000000740000000)
  object space 1016320K, 82% used [0x0000000640000000,0x0000000672e438f8,0x000000067e080000)
 Metaspace       used 94181K, capacity 97321K, committed 97368K, reserved 1134592K
  class space    used 11448K, capacity 12113K, committed 12160K, reserved 1048576K
Event: 416.797 GC heap after
Heap after GC invocations=122 (full 9):
 PSYoungGen      total 1966080K, used 105986K [0x0000000740000000, 0x00000007c0000000, 0x00000007c0000000)
  eden space 1841664K, 0% used [0x0000000740000000,0x0000000740000000,0x00000007b0680000)
  from space 124416K, 85% used [0x00000007b0680000,0x00000007b6e009d0,0x00000007b8000000)
  to   space 123904K, 0% used [0x00000007b8700000,0x00000007b8700000,0x00000007c0000000)
 ParOldGen       total 1016320K, used 838760K [0x0000000640000000, 0x000000067e080000, 0x0000000740000000)
  object space 1016320K, 82% used [0x0000000640000000,0x000000067331a348,0x000000067e080000)
 Metaspace       used 94181K, capacity 97321K, committed 97368K, reserved 1134592K
  class space    used 11448K, capacity 12113K, committed 12160K, reserved 1048576K
}

